# JRE version: OpenJDK Runtime Environment (8.0_152-b01) (build 1.8.0_152-release-1248-b01)
# Java VM: OpenJDK 64-Bit Server VM (25.152-b01 mixed mode bsd-amd64 compressed oops)
Heap:
 PSYoungGen      total 454144K, used 388787K [0x00000007a0000000, 0x00000007bf980000, 0x00000007c0000000)
  eden space 399872K, 95% used [0x00000007a0000000,0x00000007b7312fe0,0x00000007b8680000)
  from space 54272K, 16% used [0x00000007bc480000,0x00000007bcd19cc8,0x00000007bf980000)
  to   space 58880K, 0% used [0x00000007b8680000,0x00000007b8680000,0x00000007bc000000)
 ParOldGen       total 239616K, used 158791K [0x0000000760000000, 0x000000076ea00000, 0x00000007a0000000)
  object space 239616K, 66% used [0x0000000760000000,0x0000000769b11f18,0x000000076ea00000)
 Metaspace       used 107080K, capacity 112288K, committed 113968K, reserved 1148928K
  class space    used 12974K, capacity 13940K, committed 14384K, reserved 1048576K
GC Heap History (10 events):
Event: 6789.012 GC heap before
{Heap before GC invocations=95 (full 7):
 PSYoungGen      total 457216K, used 392352K [0x00000007a0000000, 0x00000007c0000000, 0x00000007c0000000)
  eden space 392192K, 100% used [0x00000007a0000000,0x00000007b7f00000,0x00000007b7f00000)
  from space 65024K, 0% used [0x00000007b7f00000,0x00000007b7f28000,0x00000007bbe80000)
  to   space 64512K, 0% used [0x00000007bc100000,0x00000007bc100000,0x00000007c0000000)
 ParOldGen       total 239616K, used 133061K [0x0000000760000000, 0x000000076ea00000, 0x00000007a0000000)
  object space 239616K, 55% used [0x0000000760000000,0x00000007681f17f0,0x000000076ea00000)
 Metaspace       used 106876K, capacity 112078K, committed 113968K, reserved 1148928K
  class space    used 12966K, capacity 13936K, committed 14384K, reserved 1048576K
Event: 6789.061 GC heap after
Heap after GC invocations=95 (full 7):
 PSYoungGen      total 452608K, used 11277K [0x00000007a0000000, 0x00000007bf980000, 0x00000007c0000000)
  eden space 394752K, 0% used [0x00000007a0000000,0x00000007a0000000,0x00000007b8180000)
  from space 57856K, 19% used [0x00000007bc100000,0x00000007bcc034c8,0x00000007bf980000)
  to   space 61440K, 0% used [0x00000007b8180000,0x00000007b8180000,0x00000007bbd80000)
 ParOldGen       total 239616K, used 133093K [0x0000000760000000, 0x000000076ea00000, 0x00000007a0000000)
  object space 239616K, 55% used [0x0000000760000000,0x00000007681f97f0,0x000000076ea00000)
 Metaspace       used 106876K, capacity 112078K, committed 113968K, reserved 1148928K
  class space    used 12966K, capacity 13936K, committed 14384K, reserved 1048576K
}
Event: 6792.696 GC heap before
{Heap before GC invocations=96 (full 7):
 PSYoungGen      total 452608K, used 406029K [0x00000007a0000000, 0x00000007bf980000, 0x00000007c0000000)
  eden space 394752K, 100% used [0x00000007a0000000,0x00000007b8180000,0x00000007b8180000)
  from space 57856K, 19% used [0x00000007bc100000,0x00000007bcc034c8,0x00000007bf980000)
  to   space 61440K, 0% used [0x00000007b8180000,0x00000007b8180000,0x00000007bbd80000)
 ParOldGen       total 239616K, used 133093K [0x0000000760000000, 0x000000076ea00000, 0x00000007a0000000)
  object space 239616K, 55% used [0x0000000760000000,0x00000007681f97f0,0x000000076ea00000)
 Metaspace       used 106973K, capacity 112154K, committed 113968K, reserved 1148928K
  class space    used 12969K, capacity 13939K, committed 14384K, reserved 1048576K
Event: 6792.812 GC heap after
Heap after GC invocations=96 (full 7):
 PSYoungGen      total 456192K, used 20098K [0x00000007a0000000, 0x00000007bfb80000, 0x00000007c0000000)
  eden space 394752K, 0% used [0x00000007a0000000,0x00000007a0000000,0x00000007b8180000)
  from space 61440K, 32% used [0x00000007b8180000,0x00000007b9520908,0x00000007bbd80000)
  to   space 57344K, 0% used [0x00000007bc380000,0x00000007bc380000,0x00000007bfb80000)
 ParOldGen       total 239616K, used 134142K [0x0000000760000000, 0x000000076ea00000, 0x00000007a0000000)
  object space 239616K, 55% used [0x0000000760000000,0x00000007682ff840,0x000000076ea00000)
 Metaspace       used 106973K, capacity 112154K, committed 113968K, reserved 1148928K
  class space    used 12969K, capacity 13939K, committed 14384K, reserved 1048576K
}
Event: 6795.915 GC heap before
{Heap before GC invocations=97 (full 7):
 PSYoungGen      total 456192K, used 414850K [0x00000007a0000000, 0x00000007bfb80000, 0x00000007c0000000)
  eden space 394752K, 100% used [0x00000007a0000000,0x00000007b8180000,0x00000007b8180000)
  from space 61440K, 32% used [0x00000007b8180000,0x00000007b9520908,0x00000007bbd80000)
  to   space 57344K, 0% used [0x00000007bc380000,0x00000007bc380000,0x00000007bfb80000)
 ParOldGen       total 239616K, used 134142K [0x0000000760000000, 0x000000076ea00000, 0x00000007a0000000)
  object space 239616K, 55% used [0x0000000760000000,0x00000007682ff840,0x000000076ea00000)
 Metaspace       used 106986K, capacity 112154K, committed 113968K, reserved 1148928K
  class space    used 12969K, capacity 13939K, committed 14384K, reserved 1048576K
Event: 6796.142 GC heap after
Heap after GC invocations=97 (full 7):
 PSYoungGen      total 454656K, used 46154K [0x00000007a0000000, 0x00000007c0000000, 0x00000007c0000000)
  eden space 397312K, 0% used [0x00000007a0000000,0x00000007a0000000,0x00000007b8400000)
  from space 57344K, 80% used [0x00000007bc380000,0x00000007bf092950,0x00000007bfb80000)
  to   space 63488K, 0% used [0x00000007b8400000,0x00000007b8400000,0x00000007bc200000)
 ParOldGen       total 239616K, used 139143K [0x0000000760000000, 0x000000076ea00000, 0x00000007a0000000)
  object space 239616K, 58% used [0x0000000760000000,0x00000007687e1ef0,0x000000076ea00000)
 Metaspace       used 106986K, capacity 112154K, committed 113968K, reserved 1148928K
  class space    used 12969K, capacity 13939K, committed 14384K, reserved 1048576K
}
Event: 6799.111 GC heap before
{Heap before GC invocations=98 (full 7):
 PSYoungGen      total 454656K, used 443466K [0x00000007a0000000, 0x00000007c0000000, 0x00000007c0000000)
  eden space 397312K, 100% used [0x00000007a0000000,0x00000007b8400000,0x00000007b8400000)
  from space 57344K, 80% used [0x00000007bc380000,0x00000007bf092950,0x00000007bfb80000)
  to   space 63488K, 0% used [0x00000007b8400000,0x00000007b8400000,0x00000007bc200000)
 ParOldGen       total 239616K, used 139143K [0x0000000760000000, 0x000000076ea00000, 0x00000007a0000000)
  object space 239616K, 58% used [0x0000000760000000,0x00000007687e1ef0,0x000000076ea00000)
 Metaspace       used 106992K, capacity 112154K, committed 113968K, reserved 1148928K
  class space    used 12970K, capacity 13939K, committed 14384K, reserved 1048576K
Event: 6799.174 GC heap after
Heap after GC invocations=98 (full 7):
 PSYoungGen      total 460800K, used 14259K [0x00000007a0000000, 0x00000007c0000000, 0x00000007c0000000)
  eden space 397312K, 0% used [0x00000007a0000000,0x00000007a0000000,0x00000007b8400000)
  from space 63488K, 22% used [0x00000007b8400000,0x00000007b91ecf40,0x00000007bc200000)
  to   space 60928K, 0% used [0x00000007bc480000,0x00000007bc480000,0x00000007c0000000)
 ParOldGen       total 239616K, used 149915K [0x0000000760000000, 0x000000076ea00000, 0x00000007a0000000)
  object space 239616K, 62% used [0x0000000760000000,0x0000000769266fa0,0x000000076ea00000)
 Metaspace       used 106992K, capacity 112154K, committed 113968K, reserved 1148928K
  class space    used 12970K, capacity 13939K, committed 14384K, reserved 1048576K
}
Event: 6804.332 GC heap before
{Heap before GC invocations=99 (full 7):
 PSYoungGen      total 460800K, used 411436K [0x00000007a0000000, 0x00000007c0000000, 0x00000007c0000000)
  eden space 397312K, 99% used [0x00000007a0000000,0x00000007b83de358,0x00000007b8400000)
  from space 63488K, 22% used [0x00000007b8400000,0x00000007b91ecf40,0x00000007bc200000)
  to   space 60928K, 0% used [0x00000007bc480000,0x00000007bc480000,0x00000007c0000000)
 ParOldGen       total 239616K, used 149915K [0x0000000760000000, 0x000000076ea00000, 0x00000007a0000000)
  object space 239616K, 62% used [0x0000000760000000,0x0000000769266fa0,0x000000076ea00000)
 Metaspace       used 106992K, capacity 112154K, committed 113968K, reserved 1148928K
  class space    used 12970K, capacity 13939K, committed 14384K, reserved 1048576K
Event: 6804.388 GC heap after
Heap after GC invocations=99 (full 7):
 PSYoungGen      total 454144K, used 8807K [0x00000007a0000000, 0x00000007bf980000, 0x00000007c0000000)
  eden space 399872K, 0% used [0x00000007a0000000,0x00000007a0000000,0x00000007b8680000)
  from space 54272K, 16% used [0x00000007bc480000,0x00000007bcd19cc8,0x00000007bf980000)
  to   space 58880K, 0% used [0x00000007b8680000,0x00000007b8680000,0x00000007bc000000)
 ParOldGen       total 239616K, used 158791K [0x0000000760000000, 0x000000076ea00000, 0x00000007a0000000)
  object space 239616K, 66% used [0x0000000760000000,0x0000000769b11f18,0x000000076ea00000)
 Metaspace       used 106992K, capacity 112154K, committed 113968K, reserved 1148928K
  class space    used 12970K, capacity 13939K, committed 14384K, reserved 1048576K
}

