# JRE version: OpenJDK Runtime Environment (8.0_152-b01) (build 1.8.0_152-release-1343-b01)
# Java VM: OpenJDK 64-Bit Server VM (25.152-b01 mixed mode bsd-amd64 compressed oops)
Heap:
 PSYoungGen      total 469504K, used 244291K [0x00000007a0000000, 0x00000007bf900000, 0x00000007c0000000)
  eden space 431104K, 53% used [0x00000007a0000000,0x00000007ae237d80,0x00000007ba500000)
  from space 38400K, 32% used [0x00000007bd380000,0x00000007bdfd9168,0x00000007bf900000)
  to   space 43008K, 0% used [0x00000007ba500000,0x00000007ba500000,0x00000007bcf00000)
 ParOldGen       total 194560K, used 109015K [0x0000000760000000, 0x000000076be00000, 0x00000007a0000000)
  object space 194560K, 56% used [0x0000000760000000,0x0000000766a75df8,0x000000076be00000)
 Metaspace       used 90964K, capacity 94240K, committed 94616K, reserved 1132544K
  class space    used 11343K, capacity 12093K, committed 12200K, reserved 1048576K
GC Heap History (10 events):
Event: 1137.142 GC heap before
{Heap before GC invocations=29 (full 4):
 PSYoungGen      total 485888K, used 465708K [0x00000007a0000000, 0x00000007bfb80000, 0x00000007c0000000)
  eden space 457216K, 100% used [0x00000007a0000000,0x00000007bbe80000,0x00000007bbe80000)
  from space 28672K, 29% used [0x00000007bdf80000,0x00000007be7cb050,0x00000007bfb80000)
  to   space 31232K, 0% used [0x00000007bbe80000,0x00000007bbe80000,0x00000007bdd00000)
 ParOldGen       total 149504K, used 112767K [0x0000000760000000, 0x0000000769200000, 0x00000007a0000000)
  object space 149504K, 75% used [0x0000000760000000,0x0000000766e1fe20,0x0000000769200000)
 Metaspace       used 80439K, capacity 83658K, committed 83992K, reserved 1122304K
  class space    used 10220K, capacity 10947K, committed 11048K, reserved 1048576K
Event: 1137.620 GC heap after
Heap after GC invocations=29 (full 4):
 PSYoungGen      total 488448K, used 22163K [0x00000007a0000000, 0x00000007c0000000, 0x00000007c0000000)
  eden space 457216K, 0% used [0x00000007a0000000,0x00000007a0000000,0x00000007bbe80000)
  from space 31232K, 70% used [0x00000007bbe80000,0x00000007bd424d60,0x00000007bdd00000)
  to   space 33280K, 0% used [0x00000007bdf80000,0x00000007bdf80000,0x00000007c0000000)
 ParOldGen       total 149504K, used 113682K [0x0000000760000000, 0x0000000769200000, 0x00000007a0000000)
  object space 149504K, 76% used [0x0000000760000000,0x0000000766f04938,0x0000000769200000)
 Metaspace       used 80439K, capacity 83658K, committed 83992K, reserved 1122304K
  class space    used 10220K, capacity 10947K, committed 11048K, reserved 1048576K
}
Event: 1152.290 GC heap before
{Heap before GC invocations=30 (full 4):
 PSYoungGen      total 488448K, used 479379K [0x00000007a0000000, 0x00000007c0000000, 0x00000007c0000000)
  eden space 457216K, 100% used [0x00000007a0000000,0x00000007bbe80000,0x00000007bbe80000)
  from space 31232K, 70% used [0x00000007bbe80000,0x00000007bd424d60,0x00000007bdd00000)
  to   space 33280K, 0% used [0x00000007bdf80000,0x00000007bdf80000,0x00000007c0000000)
 ParOldGen       total 149504K, used 113682K [0x0000000760000000, 0x0000000769200000, 0x00000007a0000000)
  object space 149504K, 76% used [0x0000000760000000,0x0000000766f04938,0x0000000769200000)
 Metaspace       used 81564K, capacity 84810K, committed 85144K, reserved 1124352K
  class space    used 10332K, capacity 11091K, committed 11176K, reserved 1048576K
Event: 1152.696 GC heap after
Heap after GC invocations=30 (full 4):
 PSYoungGen      total 462336K, used 33262K [0x00000007a0000000, 0x00000007c0000000, 0x00000007c0000000)
  eden space 429056K, 0% used [0x00000007a0000000,0x00000007a0000000,0x00000007ba300000)
  from space 33280K, 99% used [0x00000007bdf80000,0x00000007bfffb9c8,0x00000007c0000000)
  to   space 47616K, 0% used [0x00000007ba300000,0x00000007ba300000,0x00000007bd180000)
 ParOldGen       total 149504K, used 136533K [0x0000000760000000, 0x0000000769200000, 0x00000007a0000000)
  object space 149504K, 91% used [0x0000000760000000,0x0000000768555548,0x0000000769200000)
 Metaspace       used 81564K, capacity 84810K, committed 85144K, reserved 1124352K
  class space    used 10332K, capacity 11091K, committed 11176K, reserved 1048576K
}
Event: 1152.696 GC heap before
{Heap before GC invocations=31 (full 5):
 PSYoungGen      total 462336K, used 33262K [0x00000007a0000000, 0x00000007c0000000, 0x00000007c0000000)
  eden space 429056K, 0% used [0x00000007a0000000,0x00000007a0000000,0x00000007ba300000)
  from space 33280K, 99% used [0x00000007bdf80000,0x00000007bfffb9c8,0x00000007c0000000)
  to   space 47616K, 0% used [0x00000007ba300000,0x00000007ba300000,0x00000007bd180000)
 ParOldGen       total 149504K, used 136533K [0x0000000760000000, 0x0000000769200000, 0x00000007a0000000)
  object space 149504K, 91% used [0x0000000760000000,0x0000000768555548,0x0000000769200000)
 Metaspace       used 81564K, capacity 84810K, committed 85144K, reserved 1124352K
  class space    used 10332K, capacity 11091K, committed 11176K, reserved 1048576K
Event: 1154.635 GC heap after
Heap after GC invocations=31 (full 5):
 PSYoungGen      total 462336K, used 0K [0x00000007a0000000, 0x00000007c0000000, 0x00000007c0000000)
  eden space 429056K, 0% used [0x00000007a0000000,0x00000007a0000000,0x00000007ba300000)
  from space 33280K, 0% used [0x00000007bdf80000,0x00000007bdf80000,0x00000007c0000000)
  to   space 47616K, 0% used [0x00000007ba300000,0x00000007ba300000,0x00000007bd180000)
 ParOldGen       total 194560K, used 108999K [0x0000000760000000, 0x000000076be00000, 0x00000007a0000000)
  object space 194560K, 56% used [0x0000000760000000,0x0000000766a71df8,0x000000076be00000)
 Metaspace       used 81530K, capacity 84690K, committed 85144K, reserved 1124352K
  class space    used 10323K, capacity 11051K, committed 11176K, reserved 1048576K
}
Event: 1182.784 GC heap before
{Heap before GC invocations=32 (full 5):
 PSYoungGen      total 462336K, used 429056K [0x00000007a0000000, 0x00000007c0000000, 0x00000007c0000000)
  eden space 429056K, 100% used [0x00000007a0000000,0x00000007ba300000,0x00000007ba300000)
  from space 33280K, 0% used [0x00000007bdf80000,0x00000007bdf80000,0x00000007c0000000)
  to   space 47616K, 0% used [0x00000007ba300000,0x00000007ba300000,0x00000007bd180000)
 ParOldGen       total 194560K, used 108999K [0x0000000760000000, 0x000000076be00000, 0x00000007a0000000)
  object space 194560K, 56% used [0x0000000760000000,0x0000000766a71df8,0x000000076be00000)
 Metaspace       used 84582K, capacity 87776K, committed 87960K, reserved 1126400K
  class space    used 10633K, capacity 11388K, committed 11432K, reserved 1048576K
Event: 1183.094 GC heap after
Heap after GC invocations=32 (full 5):
 PSYoungGen      total 476672K, used 11347K [0x00000007a0000000, 0x00000007c0000000, 0x00000007c0000000)
  eden space 429056K, 0% used [0x00000007a0000000,0x00000007a0000000,0x00000007ba300000)
  from space 47616K, 23% used [0x00000007ba300000,0x00000007bae14f88,0x00000007bd180000)
  to   space 45568K, 0% used [0x00000007bd380000,0x00000007bd380000,0x00000007c0000000)
 ParOldGen       total 194560K, used 109007K [0x0000000760000000, 0x000000076be00000, 0x00000007a0000000)
  object space 194560K, 56% used [0x0000000760000000,0x0000000766a73df8,0x000000076be00000)
 Metaspace       used 84582K, capacity 87776K, committed 87960K, reserved 1126400K
  class space    used 10633K, capacity 11388K, committed 11432K, reserved 1048576K
}
Event: 1195.395 GC heap before
{Heap before GC invocations=33 (full 5):
 PSYoungGen      total 476672K, used 440403K [0x00000007a0000000, 0x00000007c0000000, 0x00000007c0000000)
  eden space 429056K, 100% used [0x00000007a0000000,0x00000007ba300000,0x00000007ba300000)
  from space 47616K, 23% used [0x00000007ba300000,0x00000007bae14f88,0x00000007bd180000)
  to   space 45568K, 0% used [0x00000007bd380000,0x00000007bd380000,0x00000007c0000000)
 ParOldGen       total 194560K, used 109007K [0x0000000760000000, 0x000000076be00000, 0x00000007a0000000)
  object space 194560K, 56% used [0x0000000760000000,0x0000000766a73df8,0x000000076be00000)
 Metaspace       used 88891K, capacity 91980K, committed 92312K, reserved 1130496K
  class space    used 11196K, capacity 11871K, committed 11944K, reserved 1048576K
Event: 1195.465 GC heap after
Heap after GC invocations=33 (full 5):
 PSYoungGen      total 469504K, used 12644K [0x00000007a0000000, 0x00000007bf900000, 0x00000007c0000000)
  eden space 431104K, 0% used [0x00000007a0000000,0x00000007a0000000,0x00000007ba500000)
  from space 38400K, 32% used [0x00000007bd380000,0x00000007bdfd9168,0x00000007bf900000)
  to   space 43008K, 0% used [0x00000007ba500000,0x00000007ba500000,0x00000007bcf00000)
 ParOldGen       total 194560K, used 109015K [0x0000000760000000, 0x000000076be00000, 0x00000007a0000000)
  object space 194560K, 56% used [0x0000000760000000,0x0000000766a75df8,0x000000076be00000)
 Metaspace       used 88891K, capacity 91980K, committed 92312K, reserved 1130496K
  class space    used 11196K, capacity 11871K, committed 11944K, reserved 1048576K
}

