# JRE version: OpenJDK Runtime Environment (8.0_202) (build 1.8.0_202-release-1483-b49-5587405)
# Java VM: OpenJDK 64-Bit Server VM (25.202-b49-5587405 mixed mode bsd-amd64 compressed oops)
Heap:
 PSYoungGen      total 473088K, used 212710K [0x00000007a0000000, 0x00000007bfa00000, 0x00000007c0000000)
  eden space 431104K, 46% used [0x00000007a0000000,0x00000007ac2942e0,0x00000007ba500000)
  from space 41984K, 32% used [0x00000007bd100000,0x00000007bde25818,0x00000007bfa00000)
  to   space 43520K, 0% used [0x00000007ba500000,0x00000007ba500000,0x00000007bcf80000)
 ParOldGen       total 343552K, used 238369K [0x0000000760000000, 0x0000000774f80000, 0x00000007a0000000)
  object space 343552K, 69% used [0x0000000760000000,0x000000076e8c87c0,0x0000000774f80000)
 Metaspace       used 113303K, capacity 120518K, committed 121112K, reserved 1155072K
  class space    used 13906K, capacity 15179K, committed 15400K, reserved 1048576K
GC Heap History (10 events):
Event: 19115.283 GC heap before
{Heap before GC invocations=141 (full 13):
 PSYoungGen      total 459264K, used 412326K [0x00000007a0000000, 0x00000007bfc00000, 0x00000007c0000000)
  eden space 401920K, 100% used [0x00000007a0000000,0x00000007b8880000,0x00000007b8880000)
  from space 57344K, 18% used [0x00000007b8880000,0x00000007b92a9960,0x00000007bc080000)
  to   space 55296K, 0% used [0x00000007bc600000,0x00000007bc600000,0x00000007bfc00000)
 ParOldGen       total 343552K, used 207794K [0x0000000760000000, 0x0000000774f80000, 0x00000007a0000000)
  object space 343552K, 60% used [0x0000000760000000,0x000000076caecae8,0x0000000774f80000)
 Metaspace       used 113275K, capacity 120454K, committed 121112K, reserved 1155072K
  class space    used 13906K, capacity 15179K, committed 15400K, reserved 1048576K
Event: 19115.362 GC heap after
Heap after GC invocations=141 (full 13):
 PSYoungGen      total 463872K, used 11941K [0x00000007a0000000, 0x00000007bf900000, 0x00000007c0000000)
  eden space 411648K, 0% used [0x00000007a0000000,0x00000007a0000000,0x00000007b9200000)
  from space 52224K, 22% used [0x00000007bc600000,0x00000007bd1a97f8,0x00000007bf900000)
  to   space 52736K, 0% used [0x00000007b9200000,0x00000007b9200000,0x00000007bc580000)
 ParOldGen       total 343552K, used 215557K [0x0000000760000000, 0x0000000774f80000, 0x00000007a0000000)
  object space 343552K, 62% used [0x0000000760000000,0x000000076d2814e8,0x0000000774f80000)
 Metaspace       used 113275K, capacity 120454K, committed 121112K, reserved 1155072K
  class space    used 13906K, capacity 15179K, committed 15400K, reserved 1048576K
}
Event: 19118.977 GC heap before
{Heap before GC invocations=142 (full 13):
 PSYoungGen      total 463872K, used 423589K [0x00000007a0000000, 0x00000007bf900000, 0x00000007c0000000)
  eden space 411648K, 100% used [0x00000007a0000000,0x00000007b9200000,0x00000007b9200000)
  from space 52224K, 22% used [0x00000007bc600000,0x00000007bd1a97f8,0x00000007bf900000)
  to   space 52736K, 0% used [0x00000007b9200000,0x00000007b9200000,0x00000007bc580000)
 ParOldGen       total 343552K, used 215557K [0x0000000760000000, 0x0000000774f80000, 0x00000007a0000000)
  object space 343552K, 62% used [0x0000000760000000,0x000000076d2814e8,0x0000000774f80000)
 Metaspace       used 113288K, capacity 120454K, committed 121112K, reserved 1155072K
  class space    used 13906K, capacity 15179K, committed 15400K, reserved 1048576K
Event: 19119.109 GC heap after
Heap after GC invocations=142 (full 13):
 PSYoungGen      total 464384K, used 13494K [0x00000007a0000000, 0x00000007bfa80000, 0x00000007c0000000)
  eden space 411648K, 0% used [0x00000007a0000000,0x00000007a0000000,0x00000007b9200000)
  from space 52736K, 25% used [0x00000007b9200000,0x00000007b9f2d880,0x00000007bc580000)
  to   space 49664K, 0% used [0x00000007bca00000,0x00000007bca00000,0x00000007bfa80000)
 ParOldGen       total 343552K, used 223242K [0x0000000760000000, 0x0000000774f80000, 0x00000007a0000000)
  object space 343552K, 64% used [0x0000000760000000,0x000000076da02bf0,0x0000000774f80000)
 Metaspace       used 113288K, capacity 120454K, committed 121112K, reserved 1155072K
  class space    used 13906K, capacity 15179K, committed 15400K, reserved 1048576K
}
Event: 19121.445 GC heap before
{Heap before GC invocations=143 (full 13):
 PSYoungGen      total 464384K, used 425142K [0x00000007a0000000, 0x00000007bfa80000, 0x00000007c0000000)
  eden space 411648K, 100% used [0x00000007a0000000,0x00000007b9200000,0x00000007b9200000)
  from space 52736K, 25% used [0x00000007b9200000,0x00000007b9f2d880,0x00000007bc580000)
  to   space 49664K, 0% used [0x00000007bca00000,0x00000007bca00000,0x00000007bfa80000)
 ParOldGen       total 343552K, used 223242K [0x0000000760000000, 0x0000000774f80000, 0x00000007a0000000)
  object space 343552K, 64% used [0x0000000760000000,0x000000076da02bf0,0x0000000774f80000)
 Metaspace       used 113292K, capacity 120454K, committed 121112K, reserved 1155072K
  class space    used 13906K, capacity 15179K, committed 15400K, reserved 1048576K
Event: 19121.647 GC heap after
Heap after GC invocations=143 (full 13):
 PSYoungGen      total 468992K, used 18392K [0x00000007a0000000, 0x00000007bf800000, 0x00000007c0000000)
  eden space 421888K, 0% used [0x00000007a0000000,0x00000007a0000000,0x00000007b9c00000)
  from space 47104K, 39% used [0x00000007bca00000,0x00000007bdbf6218,0x00000007bf800000)
  to   space 47104K, 0% used [0x00000007b9c00000,0x00000007b9c00000,0x00000007bca00000)
 ParOldGen       total 343552K, used 225828K [0x0000000760000000, 0x0000000774f80000, 0x00000007a0000000)
  object space 343552K, 65% used [0x0000000760000000,0x000000076dc893f8,0x0000000774f80000)
 Metaspace       used 113292K, capacity 120454K, committed 121112K, reserved 1155072K
  class space    used 13906K, capacity 15179K, committed 15400K, reserved 1048576K
}
Event: 19124.144 GC heap before
{Heap before GC invocations=144 (full 13):
 PSYoungGen      total 468992K, used 440280K [0x00000007a0000000, 0x00000007bf800000, 0x00000007c0000000)
  eden space 421888K, 100% used [0x00000007a0000000,0x00000007b9c00000,0x00000007b9c00000)
  from space 47104K, 39% used [0x00000007bca00000,0x00000007bdbf6218,0x00000007bf800000)
  to   space 47104K, 0% used [0x00000007b9c00000,0x00000007b9c00000,0x00000007bca00000)
 ParOldGen       total 343552K, used 225828K [0x0000000760000000, 0x0000000774f80000, 0x00000007a0000000)
  object space 343552K, 65% used [0x0000000760000000,0x000000076dc893f8,0x0000000774f80000)
 Metaspace       used 113292K, capacity 120454K, committed 121112K, reserved 1155072K
  class space    used 13906K, capacity 15179K, committed 15400K, reserved 1048576K
Event: 19124.212 GC heap after
Heap after GC invocations=144 (full 13):
 PSYoungGen      total 468992K, used 6905K [0x00000007a0000000, 0x00000007bfe00000, 0x00000007c0000000)
  eden space 421888K, 0% used [0x00000007a0000000,0x00000007a0000000,0x00000007b9c00000)
  from space 47104K, 14% used [0x00000007b9c00000,0x00000007ba2be788,0x00000007bca00000)
  to   space 46080K, 0% used [0x00000007bd100000,0x00000007bd100000,0x00000007bfe00000)
 ParOldGen       total 343552K, used 234808K [0x0000000760000000, 0x0000000774f80000, 0x00000007a0000000)
  object space 343552K, 68% used [0x0000000760000000,0x000000076e54e150,0x0000000774f80000)
 Metaspace       used 113292K, capacity 120454K, committed 121112K, reserved 1155072K
  class space    used 13906K, capacity 15179K, committed 15400K, reserved 1048576K
}
Event: 19126.219 GC heap before
{Heap before GC invocations=145 (full 13):
 PSYoungGen      total 468992K, used 428793K [0x00000007a0000000, 0x00000007bfe00000, 0x00000007c0000000)
  eden space 421888K, 100% used [0x00000007a0000000,0x00000007b9c00000,0x00000007b9c00000)
  from space 47104K, 14% used [0x00000007b9c00000,0x00000007ba2be788,0x00000007bca00000)
  to   space 46080K, 0% used [0x00000007bd100000,0x00000007bd100000,0x00000007bfe00000)
 ParOldGen       total 343552K, used 234808K [0x0000000760000000, 0x0000000774f80000, 0x00000007a0000000)
  object space 343552K, 68% used [0x0000000760000000,0x000000076e54e150,0x0000000774f80000)
 Metaspace       used 113301K, capacity 120454K, committed 121112K, reserved 1155072K
  class space    used 13906K, capacity 15179K, committed 15400K, reserved 1048576K
Event: 19126.300 GC heap after
Heap after GC invocations=145 (full 13):
 PSYoungGen      total 473088K, used 13462K [0x00000007a0000000, 0x00000007bfa00000, 0x00000007c0000000)
  eden space 431104K, 0% used [0x00000007a0000000,0x00000007a0000000,0x00000007ba500000)
  from space 41984K, 32% used [0x00000007bd100000,0x00000007bde25818,0x00000007bfa00000)
  to   space 43520K, 0% used [0x00000007ba500000,0x00000007ba500000,0x00000007bcf80000)
 ParOldGen       total 343552K, used 238369K [0x0000000760000000, 0x0000000774f80000, 0x00000007a0000000)
  object space 343552K, 69% used [0x0000000760000000,0x000000076e8c87c0,0x0000000774f80000)
 Metaspace       used 113301K, capacity 120454K, committed 121112K, reserved 1155072K
  class space    used 13906K, capacity 15179K, committed 15400K, reserved 1048576K
}

