# JRE version: OpenJDK Runtime Environment (8.0_152-b01) (build 1.8.0_152-release-1343-b01)
# Java VM: OpenJDK 64-Bit Server VM (25.152-b01 mixed mode bsd-amd64 compressed oops)
Heap:
 PSYoungGen      total 390144K, used 341265K [0x00000007a0000000, 0x00000007c0000000, 0x00000007c0000000)
  eden space 289792K, 84% used [0x00000007a0000000,0x00000007aedc4f78,0x00000007b1b00000)
  from space 100352K, 97% used [0x00000007b9a00000,0x00000007bf97f6e8,0x00000007bfc00000)
  to   space 117248K, 0% used [0x00000007b1b00000,0x00000007b1b00000,0x00000007b8d80000)
 ParOldGen       total 341504K, used 229431K [0x0000000760000000, 0x0000000774d80000, 0x00000007a0000000)
  object space 341504K, 67% used [0x0000000760000000,0x000000076e00dd80,0x0000000774d80000)
 Metaspace       used 94164K, capacity 97928K, committed 98088K, reserved 1134592K
  class space    used 11929K, capacity 12712K, committed 12840K, reserved 1048576K
GC Heap History (10 events):
Event: 132.889 GC heap before
{Heap before GC invocations=28 (full 5):
 PSYoungGen      total 401920K, used 401906K [0x00000007a0000000, 0x00000007c0000000, 0x00000007c0000000)
  eden space 329728K, 100% used [0x00000007a0000000,0x00000007b4200000,0x00000007b4200000)
  from space 72192K, 99% used [0x00000007bb980000,0x00000007bfffcbc8,0x00000007c0000000)
  to   space 97280K, 0% used [0x00000007b4200000,0x00000007b4200000,0x00000007ba100000)
 ParOldGen       total 222208K, used 156478K [0x0000000760000000, 0x000000076d900000, 0x00000007a0000000)
  object space 222208K, 70% used [0x0000000760000000,0x00000007698cfb08,0x000000076d900000)
 Metaspace       used 91305K, capacity 94762K, committed 95016K, reserved 1132544K
  class space    used 11534K, capacity 12273K, committed 12328K, reserved 1048576K
Event: 133.400 GC heap after
Heap after GC invocations=28 (full 5):
 PSYoungGen      total 402432K, used 72564K [0x00000007a0000000, 0x00000007c0000000, 0x00000007c0000000)
  eden space 329728K, 0% used [0x00000007a0000000,0x00000007a0000000,0x00000007b4200000)
  from space 72704K, 99% used [0x00000007b4200000,0x00000007b88dd1c8,0x00000007b8900000)
  to   space 104960K, 0% used [0x00000007b9980000,0x00000007b9980000,0x00000007c0000000)
 ParOldGen       total 222208K, used 200960K [0x0000000760000000, 0x000000076d900000, 0x00000007a0000000)
  object space 222208K, 90% used [0x0000000760000000,0x000000076c440228,0x000000076d900000)
 Metaspace       used 91305K, capacity 94762K, committed 95016K, reserved 1132544K
  class space    used 11534K, capacity 12273K, committed 12328K, reserved 1048576K
}
Event: 133.400 GC heap before
{Heap before GC invocations=29 (full 6):
 PSYoungGen      total 402432K, used 72564K [0x00000007a0000000, 0x00000007c0000000, 0x00000007c0000000)
  eden space 329728K, 0% used [0x00000007a0000000,0x00000007a0000000,0x00000007b4200000)
  from space 72704K, 99% used [0x00000007b4200000,0x00000007b88dd1c8,0x00000007b8900000)
  to   space 104960K, 0% used [0x00000007b9980000,0x00000007b9980000,0x00000007c0000000)
 ParOldGen       total 222208K, used 200960K [0x0000000760000000, 0x000000076d900000, 0x00000007a0000000)
  object space 222208K, 90% used [0x0000000760000000,0x000000076c440228,0x000000076d900000)
 Metaspace       used 91305K, capacity 94762K, committed 95016K, reserved 1132544K
  class space    used 11534K, capacity 12273K, committed 12328K, reserved 1048576K
Event: 134.894 GC heap after
Heap after GC invocations=29 (full 6):
 PSYoungGen      total 402432K, used 0K [0x00000007a0000000, 0x00000007c0000000, 0x00000007c0000000)
  eden space 329728K, 0% used [0x00000007a0000000,0x00000007a0000000,0x00000007b4200000)
  from space 72704K, 0% used [0x00000007b4200000,0x00000007b4200000,0x00000007b8900000)
  to   space 104960K, 0% used [0x00000007b9980000,0x00000007b9980000,0x00000007c0000000)
 ParOldGen       total 341504K, used 207510K [0x0000000760000000, 0x0000000774d80000, 0x00000007a0000000)
  object space 341504K, 60% used [0x0000000760000000,0x000000076caa5b20,0x0000000774d80000)
 Metaspace       used 91286K, capacity 94708K, committed 95016K, reserved 1132544K
  class space    used 11528K, capacity 12262K, committed 12328K, reserved 1048576K
}
Event: 139.538 GC heap before
{Heap before GC invocations=30 (full 6):
 PSYoungGen      total 402432K, used 329728K [0x00000007a0000000, 0x00000007c0000000, 0x00000007c0000000)
  eden space 329728K, 100% used [0x00000007a0000000,0x00000007b4200000,0x00000007b4200000)
  from space 72704K, 0% used [0x00000007b4200000,0x00000007b4200000,0x00000007b8900000)
  to   space 104960K, 0% used [0x00000007b9980000,0x00000007b9980000,0x00000007c0000000)
 ParOldGen       total 341504K, used 207510K [0x0000000760000000, 0x0000000774d80000, 0x00000007a0000000)
  object space 341504K, 60% used [0x0000000760000000,0x000000076caa5b20,0x0000000774d80000)
 Metaspace       used 92472K, capacity 96090K, committed 96168K, reserved 1132544K
  class space    used 11686K, capacity 12439K, committed 12456K, reserved 1048576K
Event: 139.745 GC heap after
Heap after GC invocations=30 (full 6):
 PSYoungGen      total 424448K, used 29631K [0x00000007a0000000, 0x00000007c0000000, 0x00000007c0000000)
  eden space 319488K, 0% used [0x00000007a0000000,0x00000007a0000000,0x00000007b3800000)
  from space 104960K, 28% used [0x00000007b9980000,0x00000007bb66fe08,0x00000007c0000000)
  to   space 99840K, 0% used [0x00000007b3800000,0x00000007b3800000,0x00000007b9980000)
 ParOldGen       total 341504K, used 207518K [0x0000000760000000, 0x0000000774d80000, 0x00000007a0000000)
  object space 341504K, 60% used [0x0000000760000000,0x000000076caa7b20,0x0000000774d80000)
 Metaspace       used 92472K, capacity 96090K, committed 96168K, reserved 1132544K
  class space    used 11686K, capacity 12439K, committed 12456K, reserved 1048576K
}
Event: 140.496 GC heap before
{Heap before GC invocations=31 (full 6):
 PSYoungGen      total 424448K, used 349119K [0x00000007a0000000, 0x00000007c0000000, 0x00000007c0000000)
  eden space 319488K, 100% used [0x00000007a0000000,0x00000007b3800000,0x00000007b3800000)
  from space 104960K, 28% used [0x00000007b9980000,0x00000007bb66fe08,0x00000007c0000000)
  to   space 99840K, 0% used [0x00000007b3800000,0x00000007b3800000,0x00000007b9980000)
 ParOldGen       total 341504K, used 207518K [0x0000000760000000, 0x0000000774d80000, 0x00000007a0000000)
  object space 341504K, 60% used [0x0000000760000000,0x000000076caa7b20,0x0000000774d80000)
 Metaspace       used 92472K, capacity 96090K, committed 96168K, reserved 1132544K
  class space    used 11686K, capacity 12439K, committed 12456K, reserved 1048576K
Event: 140.630 GC heap after
Heap after GC invocations=31 (full 6):
 PSYoungGen      total 419328K, used 64K [0x00000007a0000000, 0x00000007bfc00000, 0x00000007c0000000)
  eden space 319488K, 0% used [0x00000007a0000000,0x00000007a0000000,0x00000007b3800000)
  from space 99840K, 0% used [0x00000007b3800000,0x00000007b3810000,0x00000007b9980000)
  to   space 100352K, 0% used [0x00000007b9a00000,0x00000007b9a00000,0x00000007bfc00000)
 ParOldGen       total 341504K, used 229423K [0x0000000760000000, 0x0000000774d80000, 0x00000007a0000000)
  object space 341504K, 67% used [0x0000000760000000,0x000000076e00bd80,0x0000000774d80000)
 Metaspace       used 92472K, capacity 96090K, committed 96168K, reserved 1132544K
  class space    used 11686K, capacity 12439K, committed 12456K, reserved 1048576K
}
Event: 143.887 GC heap before
{Heap before GC invocations=32 (full 6):
 PSYoungGen      total 419328K, used 319552K [0x00000007a0000000, 0x00000007bfc00000, 0x00000007c0000000)
  eden space 319488K, 100% used [0x00000007a0000000,0x00000007b3800000,0x00000007b3800000)
  from space 99840K, 0% used [0x00000007b3800000,0x00000007b3810000,0x00000007b9980000)
  to   space 100352K, 0% used [0x00000007b9a00000,0x00000007b9a00000,0x00000007bfc00000)
 ParOldGen       total 341504K, used 229423K [0x0000000760000000, 0x0000000774d80000, 0x00000007a0000000)
  object space 341504K, 67% used [0x0000000760000000,0x000000076e00bd80,0x0000000774d80000)
 Metaspace       used 93840K, capacity 97680K, committed 97832K, reserved 1134592K
  class space    used 11917K, capacity 12708K, committed 12840K, reserved 1048576K
Event: 144.342 GC heap after
Heap after GC invocations=32 (full 6):
 PSYoungGen      total 390144K, used 97789K [0x00000007a0000000, 0x00000007c0000000, 0x00000007c0000000)
  eden space 289792K, 0% used [0x00000007a0000000,0x00000007a0000000,0x00000007b1b00000)
  from space 100352K, 97% used [0x00000007b9a00000,0x00000007bf97f6e8,0x00000007bfc00000)
  to   space 117248K, 0% used [0x00000007b1b00000,0x00000007b1b00000,0x00000007b8d80000)
 ParOldGen       total 341504K, used 229431K [0x0000000760000000, 0x0000000774d80000, 0x00000007a0000000)
  object space 341504K, 67% used [0x0000000760000000,0x000000076e00dd80,0x0000000774d80000)
 Metaspace       used 93840K, capacity 97680K, committed 97832K, reserved 1134592K
  class space    used 11917K, capacity 12708K, committed 12840K, reserved 1048576K
}

