# JRE version: OpenJDK Runtime Environment (8.0_152-b01) (build 1.8.0_152-release-1343-b01)
# Java VM: OpenJDK 64-Bit Server VM (25.152-b01 mixed mode bsd-amd64 compressed oops)
Heap:
 PSYoungGen      total 322048K, used 32244K [0x00000007a0000000, 0x00000007bc300000, 0x00000007c0000000)
  eden space 289792K, 0% used [0x00000007a0000000,0x00000007a0000000,0x00000007b1b00000)
  from space 32256K, 99% used [0x00000007b1b00000,0x00000007b3a7d308,0x00000007b3a80000)
  to   space 60416K, 0% used [0x00000007b8800000,0x00000007b8800000,0x00000007bc300000)
 ParOldGen       total 171520K, used 157368K [0x0000000760000000, 0x000000076a780000, 0x00000007a0000000)
  object space 171520K, 91% used [0x0000000760000000,0x00000007699ae1b0,0x000000076a780000)
 Metaspace       used 77718K, capacity 79852K, committed 79960K, reserved 1118208K
  class space    used 9786K, capacity 10311K, committed 10368K, reserved 1048576K
GC Heap History (10 events):
Event: 54.455 GC heap after
Heap after GC invocations=19 (full 3):
 PSYoungGen      total 278528K, used 13768K [0x00000007a0000000, 0x00000007b3480000, 0x00000007c0000000)
  eden space 255488K, 0% used [0x00000007a0000000,0x00000007a0000000,0x00000007af980000)
  from space 23040K, 59% used [0x00000007b1000000,0x00000007b1d721d0,0x00000007b2680000)
  to   space 23040K, 0% used [0x00000007af980000,0x00000007af980000,0x00000007b1000000)
 ParOldGen       total 87552K, used 59765K [0x0000000760000000, 0x0000000765580000, 0x00000007a0000000)
  object space 87552K, 68% used [0x0000000760000000,0x0000000763a5d550,0x0000000765580000)
 Metaspace       used 66478K, capacity 68534K, committed 68824K, reserved 1110016K
  class space    used 8634K, capacity 9124K, committed 9216K, reserved 1048576K
}
Event: 61.783 GC heap before
{Heap before GC invocations=20 (full 3):
 PSYoungGen      total 278528K, used 269256K [0x00000007a0000000, 0x00000007b3480000, 0x00000007c0000000)
  eden space 255488K, 100% used [0x00000007a0000000,0x00000007af980000,0x00000007af980000)
  from space 23040K, 59% used [0x00000007b1000000,0x00000007b1d721d0,0x00000007b2680000)
  to   space 23040K, 0% used [0x00000007af980000,0x00000007af980000,0x00000007b1000000)
 ParOldGen       total 87552K, used 59765K [0x0000000760000000, 0x0000000765580000, 0x00000007a0000000)
  object space 87552K, 68% used [0x0000000760000000,0x0000000763a5d550,0x0000000765580000)
 Metaspace       used 69263K, capacity 71308K, committed 71640K, reserved 1112064K
  class space    used 8905K, capacity 9385K, committed 9472K, reserved 1048576K
Event: 61.909 GC heap after
Heap after GC invocations=20 (full 3):
 PSYoungGen      total 278528K, used 23012K [0x00000007a0000000, 0x00000007b5e00000, 0x00000007c0000000)
  eden space 255488K, 0% used [0x00000007a0000000,0x00000007a0000000,0x00000007af980000)
  from space 23040K, 99% used [0x00000007af980000,0x00000007b0ff93f0,0x00000007b1000000)
  to   space 33792K, 0% used [0x00000007b3d00000,0x00000007b3d00000,0x00000007b5e00000)
 ParOldGen       total 87552K, used 79629K [0x0000000760000000, 0x0000000765580000, 0x00000007a0000000)
  object space 87552K, 90% used [0x0000000760000000,0x0000000764dc3460,0x0000000765580000)
 Metaspace       used 69263K, capacity 71308K, committed 71640K, reserved 1112064K
  class space    used 8905K, capacity 9385K, committed 9472K, reserved 1048576K
}
Event: 61.909 GC heap before
{Heap before GC invocations=21 (full 4):
 PSYoungGen      total 278528K, used 23012K [0x00000007a0000000, 0x00000007b5e00000, 0x00000007c0000000)
  eden space 255488K, 0% used [0x00000007a0000000,0x00000007a0000000,0x00000007af980000)
  from space 23040K, 99% used [0x00000007af980000,0x00000007b0ff93f0,0x00000007b1000000)
  to   space 33792K, 0% used [0x00000007b3d00000,0x00000007b3d00000,0x00000007b5e00000)
 ParOldGen       total 87552K, used 79629K [0x0000000760000000, 0x0000000765580000, 0x00000007a0000000)
  object space 87552K, 90% used [0x0000000760000000,0x0000000764dc3460,0x0000000765580000)
 Metaspace       used 69263K, capacity 71308K, committed 71640K, reserved 1112064K
  class space    used 8905K, capacity 9385K, committed 9472K, reserved 1048576K
Event: 63.301 GC heap after
Heap after GC invocations=21 (full 4):
 PSYoungGen      total 278528K, used 8101K [0x00000007a0000000, 0x00000007b5e00000, 0x00000007c0000000)
  eden space 255488K, 0% used [0x00000007a0000000,0x00000007a0000000,0x00000007af980000)
  from space 23040K, 35% used [0x00000007af980000,0x00000007b01696d0,0x00000007b1000000)
  to   space 33792K, 0% used [0x00000007b3d00000,0x00000007b3d00000,0x00000007b5e00000)
 ParOldGen       total 171520K, used 87388K [0x0000000760000000, 0x000000076a780000, 0x00000007a0000000)
  object space 171520K, 50% used [0x0000000760000000,0x0000000765557060,0x000000076a780000)
 Metaspace       used 69234K, capacity 71224K, committed 71640K, reserved 1112064K
  class space    used 8896K, capacity 9369K, committed 9472K, reserved 1048576K
}
Event: 83.993 GC heap before
{Heap before GC invocations=22 (full 4):
 PSYoungGen      total 278528K, used 263589K [0x00000007a0000000, 0x00000007b5e00000, 0x00000007c0000000)
  eden space 255488K, 100% used [0x00000007a0000000,0x00000007af980000,0x00000007af980000)
  from space 23040K, 35% used [0x00000007af980000,0x00000007b01696d0,0x00000007b1000000)
  to   space 33792K, 0% used [0x00000007b3d00000,0x00000007b3d00000,0x00000007b5e00000)
 ParOldGen       total 171520K, used 87388K [0x0000000760000000, 0x000000076a780000, 0x00000007a0000000)
  object space 171520K, 50% used [0x0000000760000000,0x0000000765557060,0x000000076a780000)
 Metaspace       used 74428K, capacity 76514K, committed 76632K, reserved 1116160K
  class space    used 9553K, capacity 10049K, committed 10112K, reserved 1048576K
Event: 84.276 GC heap after
Heap after GC invocations=22 (full 4):
 PSYoungGen      total 319488K, used 12037K [0x00000007a0000000, 0x00000007b5a00000, 0x00000007c0000000)
  eden space 289792K, 0% used [0x00000007a0000000,0x00000007a0000000,0x00000007b1b00000)
  from space 29696K, 40% used [0x00000007b3d00000,0x00000007b48c15f0,0x00000007b5a00000)
  to   space 32256K, 0% used [0x00000007b1b00000,0x00000007b1b00000,0x00000007b3a80000)
 ParOldGen       total 171520K, used 95572K [0x0000000760000000, 0x000000076a780000, 0x00000007a0000000)
  object space 171520K, 55% used [0x0000000760000000,0x0000000765d55080,0x000000076a780000)
 Metaspace       used 74428K, capacity 76514K, committed 76632K, reserved 1116160K
  class space    used 9553K, capacity 10049K, committed 10112K, reserved 1048576K
}
Event: 90.723 GC heap before
{Heap before GC invocations=23 (full 4):
 PSYoungGen      total 319488K, used 301829K [0x00000007a0000000, 0x00000007b5a00000, 0x00000007c0000000)
  eden space 289792K, 100% used [0x00000007a0000000,0x00000007b1b00000,0x00000007b1b00000)
  from space 29696K, 40% used [0x00000007b3d00000,0x00000007b48c15f0,0x00000007b5a00000)
  to   space 32256K, 0% used [0x00000007b1b00000,0x00000007b1b00000,0x00000007b3a80000)
 ParOldGen       total 171520K, used 95572K [0x0000000760000000, 0x000000076a780000, 0x00000007a0000000)
  object space 171520K, 55% used [0x0000000760000000,0x0000000765d55080,0x000000076a780000)
 Metaspace       used 77718K, capacity 79852K, committed 79960K, reserved 1118208K
  class space    used 9786K, capacity 10311K, committed 10368K, reserved 1048576K
Event: 91.075 GC heap after
Heap after GC invocations=23 (full 4):
 PSYoungGen      total 322048K, used 32244K [0x00000007a0000000, 0x00000007bc300000, 0x00000007c0000000)
  eden space 289792K, 0% used [0x00000007a0000000,0x00000007a0000000,0x00000007b1b00000)
  from space 32256K, 99% used [0x00000007b1b00000,0x00000007b3a7d308,0x00000007b3a80000)
  to   space 60416K, 0% used [0x00000007b8800000,0x00000007b8800000,0x00000007bc300000)
 ParOldGen       total 171520K, used 157368K [0x0000000760000000, 0x000000076a780000, 0x00000007a0000000)
  object space 171520K, 91% used [0x0000000760000000,0x00000007699ae1b0,0x000000076a780000)
 Metaspace       used 77718K, capacity 79852K, committed 79960K, reserved 1118208K
  class space    used 9786K, capacity 10311K, committed 10368K, reserved 1048576K
}
Event: 91.075 GC heap before
{Heap before GC invocations=24 (full 5):
 PSYoungGen      total 322048K, used 32244K [0x00000007a0000000, 0x00000007bc300000, 0x00000007c0000000)
  eden space 289792K, 0% used [0x00000007a0000000,0x00000007a0000000,0x00000007b1b00000)
  from space 32256K, 99% used [0x00000007b1b00000,0x00000007b3a7d308,0x00000007b3a80000)
  to   space 60416K, 0% used [0x00000007b8800000,0x00000007b8800000,0x00000007bc300000)
 ParOldGen       total 171520K, used 157368K [0x0000000760000000, 0x000000076a780000, 0x00000007a0000000)
  object space 171520K, 91% used [0x0000000760000000,0x00000007699ae1b0,0x000000076a780000)
 Metaspace       used 77718K, capacity 79852K, committed 79960K, reserved 1118208K
  class space    used 9786K, capacity 10311K, committed 10368K, reserved 1048576K

