# JRE version: OpenJDK Runtime Environment (8.0_212) (build 1.8.0_212-release-1586-b4-5784211)
# Java VM: OpenJDK 64-Bit Server VM (25.212-b4-5784211 mixed mode bsd-amd64 compressed oops)
Heap:
 PSYoungGen      total 291840K, used 100160K [0x00000007a0000000, 0x00000007b5600000, 0x00000007c0000000)
  eden space 261120K, 35% used [0x00000007a0000000,0x00000007a5ba3e38,0x00000007aff00000)
  from space 30720K, 20% used [0x00000007b1e00000,0x00000007b242c378,0x00000007b3c00000)
  to   space 31744K, 0% used [0x00000007aff00000,0x00000007aff00000,0x00000007b1e00000)
 ParOldGen       total 171520K, used 86612K [0x0000000760000000, 0x000000076a780000, 0x00000007a0000000)
  object space 171520K, 50% used [0x0000000760000000,0x0000000765495240,0x000000076a780000)
 Metaspace       used 69933K, capacity 71862K, committed 72192K, reserved 1112064K
  class space    used 9173K, capacity 9691K, committed 9728K, reserved 1048576K
GC Heap History (10 events):
Event: 27.884 GC heap before
{Heap before GC invocations=16 (full 3):
 PSYoungGen      total 181248K, used 3392K [0x00000007a0000000, 0x00000007af880000, 0x00000007c0000000)
  eden space 164864K, 0% used [0x00000007a0000000,0x00000007a0000000,0x00000007aa100000)
  from space 16384K, 20% used [0x00000007aa100000,0x00000007aa450000,0x00000007ab100000)
  to   space 15872K, 0% used [0x00000007ae900000,0x00000007ae900000,0x00000007af880000)
 ParOldGen       total 56320K, used 34020K [0x0000000760000000, 0x0000000763700000, 0x00000007a0000000)
  object space 56320K, 60% used [0x0000000760000000,0x00000007621390e0,0x0000000763700000)
 Metaspace       used 57564K, capacity 59018K, committed 59160K, reserved 1099776K
  class space    used 7812K, capacity 8231K, committed 8320K, reserved 1048576K
Event: 28.338 GC heap after
Heap after GC invocations=16 (full 3):
 PSYoungGen      total 181248K, used 0K [0x00000007a0000000, 0x00000007af880000, 0x00000007c0000000)
  eden space 164864K, 0% used [0x00000007a0000000,0x00000007a0000000,0x00000007aa100000)
  from space 16384K, 0% used [0x00000007aa100000,0x00000007aa100000,0x00000007ab100000)
  to   space 15872K, 0% used [0x00000007ae900000,0x00000007ae900000,0x00000007af880000)
 ParOldGen       total 87040K, used 31540K [0x0000000760000000, 0x0000000765500000, 0x00000007a0000000)
  object space 87040K, 36% used [0x0000000760000000,0x0000000761ecd038,0x0000000765500000)
 Metaspace       used 57564K, capacity 59018K, committed 59160K, reserved 1099776K
  class space    used 7812K, capacity 8231K, committed 8320K, reserved 1048576K
}
Event: 32.764 GC heap before
{Heap before GC invocations=17 (full 3):
 PSYoungGen      total 181248K, used 164864K [0x00000007a0000000, 0x00000007af880000, 0x00000007c0000000)
  eden space 164864K, 100% used [0x00000007a0000000,0x00000007aa100000,0x00000007aa100000)
  from space 16384K, 0% used [0x00000007aa100000,0x00000007aa100000,0x00000007ab100000)
  to   space 15872K, 0% used [0x00000007ae900000,0x00000007ae900000,0x00000007af880000)
 ParOldGen       total 87040K, used 31540K [0x0000000760000000, 0x0000000765500000, 0x00000007a0000000)
  object space 87040K, 36% used [0x0000000760000000,0x0000000761ecd038,0x0000000765500000)
 Metaspace       used 61482K, capacity 63468K, committed 63744K, reserved 1103872K
  class space    used 8320K, capacity 8838K, committed 8960K, reserved 1048576K
Event: 32.816 GC heap after
Heap after GC invocations=17 (full 3):
 PSYoungGen      total 222720K, used 14858K [0x00000007a0000000, 0x00000007af800000, 0x00000007c0000000)
  eden space 207360K, 0% used [0x00000007a0000000,0x00000007a0000000,0x00000007aca80000)
  from space 15360K, 96% used [0x00000007ae900000,0x00000007af782918,0x00000007af800000)
  to   space 17920K, 0% used [0x00000007ad500000,0x00000007ad500000,0x00000007ae680000)
 ParOldGen       total 87040K, used 31548K [0x0000000760000000, 0x0000000765500000, 0x00000007a0000000)
  object space 87040K, 36% used [0x0000000760000000,0x0000000761ecf038,0x0000000765500000)
 Metaspace       used 61482K, capacity 63468K, committed 63744K, reserved 1103872K
  class space    used 8320K, capacity 8838K, committed 8960K, reserved 1048576K
}
Event: 37.966 GC heap before
{Heap before GC invocations=18 (full 3):
 PSYoungGen      total 222720K, used 222218K [0x00000007a0000000, 0x00000007af800000, 0x00000007c0000000)
  eden space 207360K, 100% used [0x00000007a0000000,0x00000007aca80000,0x00000007aca80000)
  from space 15360K, 96% used [0x00000007ae900000,0x00000007af782918,0x00000007af800000)
  to   space 17920K, 0% used [0x00000007ad500000,0x00000007ad500000,0x00000007ae680000)
 ParOldGen       total 87040K, used 31548K [0x0000000760000000, 0x0000000765500000, 0x00000007a0000000)
  object space 87040K, 36% used [0x0000000760000000,0x0000000761ecf038,0x0000000765500000)
 Metaspace       used 67092K, capacity 69082K, committed 69248K, reserved 1110016K
  class space    used 8995K, capacity 9476K, committed 9600K, reserved 1048576K
Event: 38.079 GC heap after
Heap after GC invocations=18 (full 3):
 PSYoungGen      total 236032K, used 17905K [0x00000007a0000000, 0x00000007b3c00000, 0x00000007c0000000)
  eden space 218112K, 0% used [0x00000007a0000000,0x00000007a0000000,0x00000007ad500000)
  from space 17920K, 99% used [0x00000007ad500000,0x00000007ae67c4c8,0x00000007ae680000)
  to   space 30720K, 0% used [0x00000007b1e00000,0x00000007b1e00000,0x00000007b3c00000)
 ParOldGen       total 87040K, used 58457K [0x0000000760000000, 0x0000000765500000, 0x00000007a0000000)
  object space 87040K, 67% used [0x0000000760000000,0x00000007639165d0,0x0000000765500000)
 Metaspace       used 67092K, capacity 69082K, committed 69248K, reserved 1110016K
  class space    used 8995K, capacity 9476K, committed 9600K, reserved 1048576K
}
Event: 43.989 GC heap before
{Heap before GC invocations=19 (full 3):
 PSYoungGen      total 236032K, used 236017K [0x00000007a0000000, 0x00000007b3c00000, 0x00000007c0000000)
  eden space 218112K, 100% used [0x00000007a0000000,0x00000007ad500000,0x00000007ad500000)
  from space 17920K, 99% used [0x00000007ad500000,0x00000007ae67c4c8,0x00000007ae680000)
  to   space 30720K, 0% used [0x00000007b1e00000,0x00000007b1e00000,0x00000007b3c00000)
 ParOldGen       total 87040K, used 58457K [0x0000000760000000, 0x0000000765500000, 0x00000007a0000000)
  object space 87040K, 67% used [0x0000000760000000,0x00000007639165d0,0x0000000765500000)
 Metaspace       used 69597K, capacity 71684K, committed 71936K, reserved 1112064K
  class space    used 9158K, capacity 9706K, committed 9728K, reserved 1048576K
Event: 44.280 GC heap after
Heap after GC invocations=19 (full 3):
 PSYoungGen      total 291840K, used 19779K [0x00000007a0000000, 0x00000007b5600000, 0x00000007c0000000)
  eden space 261120K, 0% used [0x00000007a0000000,0x00000007a0000000,0x00000007aff00000)
  from space 30720K, 64% used [0x00000007b1e00000,0x00000007b3150d18,0x00000007b3c00000)
  to   space 31744K, 0% used [0x00000007aff00000,0x00000007aff00000,0x00000007b1e00000)
 ParOldGen       total 87040K, used 76415K [0x0000000760000000, 0x0000000765500000, 0x00000007a0000000)
  object space 87040K, 87% used [0x0000000760000000,0x0000000764a9ff58,0x0000000765500000)
 Metaspace       used 69597K, capacity 71684K, committed 71936K, reserved 1112064K
  class space    used 9158K, capacity 9706K, committed 9728K, reserved 1048576K
}
Event: 44.280 GC heap before
{Heap before GC invocations=20 (full 4):
 PSYoungGen      total 291840K, used 19779K [0x00000007a0000000, 0x00000007b5600000, 0x00000007c0000000)
  eden space 261120K, 0% used [0x00000007a0000000,0x00000007a0000000,0x00000007aff00000)
  from space 30720K, 64% used [0x00000007b1e00000,0x00000007b3150d18,0x00000007b3c00000)
  to   space 31744K, 0% used [0x00000007aff00000,0x00000007aff00000,0x00000007b1e00000)
 ParOldGen       total 87040K, used 76415K [0x0000000760000000, 0x0000000765500000, 0x00000007a0000000)
  object space 87040K, 87% used [0x0000000760000000,0x0000000764a9ff58,0x0000000765500000)
 Metaspace       used 69597K, capacity 71684K, committed 71936K, reserved 1112064K
  class space    used 9158K, capacity 9706K, committed 9728K, reserved 1048576K
Event: 45.783 GC heap after
Heap after GC invocations=20 (full 4):
 PSYoungGen      total 291840K, used 6320K [0x00000007a0000000, 0x00000007b5600000, 0x00000007c0000000)
  eden space 261120K, 0% used [0x00000007a0000000,0x00000007a0000000,0x00000007aff00000)
  from space 30720K, 20% used [0x00000007b1e00000,0x00000007b242c378,0x00000007b3c00000)
  to   space 31744K, 0% used [0x00000007aff00000,0x00000007aff00000,0x00000007b1e00000)
 ParOldGen       total 171520K, used 86612K [0x0000000760000000, 0x000000076a780000, 0x00000007a0000000)
  object space 171520K, 50% used [0x0000000760000000,0x0000000765495240,0x000000076a780000)
 Metaspace       used 69563K, capacity 71586K, committed 71936K, reserved 1112064K
  class space    used 9147K, capacity 9687K, committed 9728K, reserved 1048576K
}

