# JRE version: OpenJDK Runtime Environment (8.0_212) (build 1.8.0_212-release-1586-b4-5784211)
# Java VM: OpenJDK 64-Bit Server VM (25.212-b4-5784211 mixed mode bsd-amd64 compressed oops)
Heap:
 PSYoungGen      total 389120K, used 389095K [0x00000007a0000000, 0x00000007c0000000, 0x00000007c0000000)
  eden space 253952K, 100% used [0x00000007a0000000,0x00000007af800000,0x00000007af800000)
  from space 135168K, 99% used [0x00000007af800000,0x00000007b7bf9d28,0x00000007b7c00000)
  to   space 135168K, 99% used [0x00000007b7c00000,0x00000007bfffe6e8,0x00000007c0000000)
 ParOldGen       total 438272K, used 383104K [0x0000000760000000, 0x000000077ac00000, 0x00000007a0000000)
  object space 438272K, 87% used [0x0000000760000000,0x0000000777622290,0x000000077ac00000)
 Metaspace       used 116476K, capacity 121468K, committed 121728K, reserved 1155072K
  class space    used 14137K, capacity 15112K, committed 15232K, reserved 1048576K
GC Heap History (10 events):
Event: 5934.432 GC heap after
Heap after GC invocations=127 (full 11):
 PSYoungGen      total 411136K, used 60095K [0x00000007a0000000, 0x00000007c0000000, 0x00000007c0000000)
  eden space 305152K, 0% used [0x00000007a0000000,0x00000007a0000000,0x00000007b2a00000)
  from space 105984K, 56% used [0x00000007b2a00000,0x00000007b64afca0,0x00000007b9180000)
  to   space 104448K, 0% used [0x00000007b9a00000,0x00000007b9a00000,0x00000007c0000000)
 ParOldGen       total 438272K, used 299087K [0x0000000760000000, 0x000000077ac00000, 0x00000007a0000000)
  object space 438272K, 68% used [0x0000000760000000,0x0000000772413d70,0x000000077ac00000)
 Metaspace       used 115866K, capacity 120516K, committed 120832K, reserved 1155072K
  class space    used 14079K, capacity 15010K, committed 15104K, reserved 1048576K
}
Event: 6101.394 GC heap before
{Heap before GC invocations=128 (full 11):
 PSYoungGen      total 411136K, used 365247K [0x00000007a0000000, 0x00000007c0000000, 0x00000007c0000000)
  eden space 305152K, 100% used [0x00000007a0000000,0x00000007b2a00000,0x00000007b2a00000)
  from space 105984K, 56% used [0x00000007b2a00000,0x00000007b64afca0,0x00000007b9180000)
  to   space 104448K, 0% used [0x00000007b9a00000,0x00000007b9a00000,0x00000007c0000000)
 ParOldGen       total 438272K, used 299087K [0x0000000760000000, 0x000000077ac00000, 0x00000007a0000000)
  object space 438272K, 68% used [0x0000000760000000,0x0000000772413d70,0x000000077ac00000)
 Metaspace       used 116233K, capacity 121038K, committed 121216K, reserved 1155072K
  class space    used 14109K, capacity 15063K, committed 15232K, reserved 1048576K
Event: 6102.116 GC heap after
Heap after GC invocations=128 (full 11):
 PSYoungGen      total 411648K, used 58302K [0x00000007a0000000, 0x00000007bf980000, 0x00000007c0000000)
  eden space 313856K, 0% used [0x00000007a0000000,0x00000007a0000000,0x00000007b3280000)
  from space 97792K, 59% used [0x00000007b9a00000,0x00000007bd2ef988,0x00000007bf980000)
  to   space 101888K, 0% used [0x00000007b3280000,0x00000007b3280000,0x00000007b9600000)
 ParOldGen       total 438272K, used 299095K [0x0000000760000000, 0x000000077ac00000, 0x00000007a0000000)
  object space 438272K, 68% used [0x0000000760000000,0x0000000772415d70,0x000000077ac00000)
 Metaspace       used 116233K, capacity 121038K, committed 121216K, reserved 1155072K
  class space    used 14109K, capacity 15063K, committed 15232K, reserved 1048576K
}
Event: 6280.865 GC heap before
{Heap before GC invocations=129 (full 11):
 PSYoungGen      total 411648K, used 372158K [0x00000007a0000000, 0x00000007bf980000, 0x00000007c0000000)
  eden space 313856K, 100% used [0x00000007a0000000,0x00000007b3280000,0x00000007b3280000)
  from space 97792K, 59% used [0x00000007b9a00000,0x00000007bd2ef988,0x00000007bf980000)
  to   space 101888K, 0% used [0x00000007b3280000,0x00000007b3280000,0x00000007b9600000)
 ParOldGen       total 438272K, used 299095K [0x0000000760000000, 0x000000077ac00000, 0x00000007a0000000)
  object space 438272K, 68% used [0x0000000760000000,0x0000000772415d70,0x000000077ac00000)
 Metaspace       used 116465K, capacity 121468K, committed 121728K, reserved 1155072K
  class space    used 14136K, capacity 15112K, committed 15232K, reserved 1048576K
Event: 6281.502 GC heap after
Heap after GC invocations=129 (full 11):
 PSYoungGen      total 415744K, used 70981K [0x00000007a0000000, 0x00000007c0000000, 0x00000007c0000000)
  eden space 313856K, 0% used [0x00000007a0000000,0x00000007a0000000,0x00000007b3280000)
  from space 101888K, 69% used [0x00000007b3280000,0x00000007b77d1428,0x00000007b9600000)
  to   space 103936K, 0% used [0x00000007b9a80000,0x00000007b9a80000,0x00000007c0000000)
 ParOldGen       total 438272K, used 299103K [0x0000000760000000, 0x000000077ac00000, 0x00000007a0000000)
  object space 438272K, 68% used [0x0000000760000000,0x0000000772417d70,0x000000077ac00000)
 Metaspace       used 116465K, capacity 121468K, committed 121728K, reserved 1155072K
  class space    used 14136K, capacity 15112K, committed 15232K, reserved 1048576K
}
Event: 6283.005 GC heap before
{Heap before GC invocations=130 (full 11):
 PSYoungGen      total 415744K, used 384837K [0x00000007a0000000, 0x00000007c0000000, 0x00000007c0000000)
  eden space 313856K, 100% used [0x00000007a0000000,0x00000007b3280000,0x00000007b3280000)
  from space 101888K, 69% used [0x00000007b3280000,0x00000007b77d1428,0x00000007b9600000)
  to   space 103936K, 0% used [0x00000007b9a80000,0x00000007b9a80000,0x00000007c0000000)
 ParOldGen       total 438272K, used 299103K [0x0000000760000000, 0x000000077ac00000, 0x00000007a0000000)
  object space 438272K, 68% used [0x0000000760000000,0x0000000772417d70,0x000000077ac00000)
 Metaspace       used 116469K, capacity 121468K, committed 121728K, reserved 1155072K
  class space    used 14136K, capacity 15112K, committed 15232K, reserved 1048576K
Event: 6283.487 GC heap after
Heap after GC invocations=130 (full 11):
 PSYoungGen      total 357888K, used 103933K [0x00000007a0000000, 0x00000007c0000000, 0x00000007c0000000)
  eden space 253952K, 0% used [0x00000007a0000000,0x00000007a0000000,0x00000007af800000)
  from space 103936K, 99% used [0x00000007b9a80000,0x00000007bffff5b8,0x00000007c0000000)
  to   space 135168K, 0% used [0x00000007af800000,0x00000007af800000,0x00000007b7c00000)
 ParOldGen       total 438272K, used 346188K [0x0000000760000000, 0x000000077ac00000, 0x00000007a0000000)
  object space 438272K, 78% used [0x0000000760000000,0x0000000775213238,0x000000077ac00000)
 Metaspace       used 116469K, capacity 121468K, committed 121728K, reserved 1155072K
  class space    used 14136K, capacity 15112K, committed 15232K, reserved 1048576K
}
Event: 6284.149 GC heap before
{Heap before GC invocations=131 (full 11):
 PSYoungGen      total 357888K, used 357885K [0x00000007a0000000, 0x00000007c0000000, 0x00000007c0000000)
  eden space 253952K, 100% used [0x00000007a0000000,0x00000007af800000,0x00000007af800000)
  from space 103936K, 99% used [0x00000007b9a80000,0x00000007bffff5b8,0x00000007c0000000)
  to   space 135168K, 0% used [0x00000007af800000,0x00000007af800000,0x00000007b7c00000)
 ParOldGen       total 438272K, used 346188K [0x0000000760000000, 0x000000077ac00000, 0x00000007a0000000)
  object space 438272K, 78% used [0x0000000760000000,0x0000000775213238,0x000000077ac00000)
 Metaspace       used 116473K, capacity 121468K, committed 121728K, reserved 1155072K
  class space    used 14136K, capacity 15112K, committed 15232K, reserved 1048576K
Event: 6284.482 GC heap after
Heap after GC invocations=131 (full 11):
 PSYoungGen      total 389120K, used 135143K [0x00000007a0000000, 0x00000007c0000000, 0x00000007c0000000)
  eden space 253952K, 0% used [0x00000007a0000000,0x00000007a0000000,0x00000007af800000)
  from space 135168K, 99% used [0x00000007af800000,0x00000007b7bf9d28,0x00000007b7c00000)
  to   space 135168K, 0% used [0x00000007b7c00000,0x00000007b7c00000,0x00000007c0000000)
 ParOldGen       total 438272K, used 352796K [0x0000000760000000, 0x000000077ac00000, 0x00000007a0000000)
  object space 438272K, 80% used [0x0000000760000000,0x0000000775887110,0x000000077ac00000)
 Metaspace       used 116473K, capacity 121468K, committed 121728K, reserved 1155072K
  class space    used 14136K, capacity 15112K, committed 15232K, reserved 1048576K
}
Event: 6285.646 GC heap before
{Heap before GC invocations=132 (full 11):
 PSYoungGen      total 389120K, used 389095K [0x00000007a0000000, 0x00000007c0000000, 0x00000007c0000000)
  eden space 253952K, 100% used [0x00000007a0000000,0x00000007af800000,0x00000007af800000)
  from space 135168K, 99% used [0x00000007af800000,0x00000007b7bf9d28,0x00000007b7c00000)
  to   space 135168K, 0% used [0x00000007b7c00000,0x00000007b7c00000,0x00000007c0000000)
 ParOldGen       total 438272K, used 352796K [0x0000000760000000, 0x000000077ac00000, 0x00000007a0000000)
  object space 438272K, 80% used [0x0000000760000000,0x0000000775887110,0x000000077ac00000)
 Metaspace       used 116476K, capacity 121468K, committed 121728K, reserved 1155072K
  class space    used 14137K, capacity 15112K, committed 15232K, reserved 1048576K

