# JRE version: OpenJDK Runtime Environment (8.0_202) (build 1.8.0_202-release-1483-b49-5587405)
# Java VM: OpenJDK 64-Bit Server VM (25.202-b49-5587405 mixed mode bsd-amd64 compressed oops)
Heap:
 PSYoungGen      total 339968K, used 132923K [0x00000007a0000000, 0x00000007c0000000, 0x00000007c0000000)
  eden space 175104K, 0% used [0x00000007a0000000,0x00000007a0000000,0x00000007aab00000)
  from space 164864K, 80% used [0x00000007b5f00000,0x00000007be0cee50,0x00000007c0000000)
  to   space 174592K, 0% used [0x00000007aab00000,0x00000007aab00000,0x00000007b5580000)
 ParOldGen       total 337920K, used 292507K [0x0000000760000000, 0x0000000774a00000, 0x00000007a0000000)
  object space 337920K, 86% used [0x0000000760000000,0x0000000771da6fe8,0x0000000774a00000)
 Metaspace       used 98402K, capacity 102362K, committed 102616K, reserved 1138688K
  class space    used 12253K, capacity 13041K, committed 13056K, reserved 1048576K
GC Heap History (10 events):
Event: 9553.860 GC heap after
Heap after GC invocations=41 (full 7):
 PSYoungGen      total 393728K, used 71618K [0x00000007a0000000, 0x00000007c0000000, 0x00000007c0000000)
  eden space 262656K, 0% used [0x00000007a0000000,0x00000007a0000000,0x00000007b0080000)
  from space 131072K, 54% used [0x00000007b8000000,0x00000007bc5f09b8,0x00000007c0000000)
  to   space 130560K, 0% used [0x00000007b0080000,0x00000007b0080000,0x00000007b8000000)
 ParOldGen       total 337920K, used 215170K [0x0000000760000000, 0x0000000774a00000, 0x00000007a0000000)
  object space 337920K, 63% used [0x0000000760000000,0x000000076d220a90,0x0000000774a00000)
 Metaspace       used 97499K, capacity 101298K, committed 101592K, reserved 1138688K
  class space    used 12138K, capacity 12933K, committed 13056K, reserved 1048576K
}
Event: 9558.935 GC heap before
{Heap before GC invocations=42 (full 7):
 PSYoungGen      total 393728K, used 334274K [0x00000007a0000000, 0x00000007c0000000, 0x00000007c0000000)
  eden space 262656K, 100% used [0x00000007a0000000,0x00000007b0080000,0x00000007b0080000)
  from space 131072K, 54% used [0x00000007b8000000,0x00000007bc5f09b8,0x00000007c0000000)
  to   space 130560K, 0% used [0x00000007b0080000,0x00000007b0080000,0x00000007b8000000)
 ParOldGen       total 337920K, used 215170K [0x0000000760000000, 0x0000000774a00000, 0x00000007a0000000)
  object space 337920K, 63% used [0x0000000760000000,0x000000076d220a90,0x0000000774a00000)
 Metaspace       used 98229K, capacity 102142K, committed 102360K, reserved 1138688K
  class space    used 12233K, capacity 13023K, committed 13056K, reserved 1048576K
Event: 9559.266 GC heap after
Heap after GC invocations=42 (full 7):
 PSYoungGen      total 393216K, used 130547K [0x00000007a0000000, 0x00000007c0000000, 0x00000007c0000000)
  eden space 262656K, 0% used [0x00000007a0000000,0x00000007a0000000,0x00000007b0080000)
  from space 130560K, 99% used [0x00000007b0080000,0x00000007b7ffcf10,0x00000007b8000000)
  to   space 131072K, 0% used [0x00000007b8000000,0x00000007b8000000,0x00000007c0000000)
 ParOldGen       total 337920K, used 218068K [0x0000000760000000, 0x0000000774a00000, 0x00000007a0000000)
  object space 337920K, 64% used [0x0000000760000000,0x000000076d4f52f8,0x0000000774a00000)
 Metaspace       used 98229K, capacity 102142K, committed 102360K, reserved 1138688K
  class space    used 12233K, capacity 13023K, committed 13056K, reserved 1048576K
}
Event: 9560.043 GC heap before
{Heap before GC invocations=43 (full 7):
 PSYoungGen      total 393216K, used 393203K [0x00000007a0000000, 0x00000007c0000000, 0x00000007c0000000)
  eden space 262656K, 100% used [0x00000007a0000000,0x00000007b0080000,0x00000007b0080000)
  from space 130560K, 99% used [0x00000007b0080000,0x00000007b7ffcf10,0x00000007b8000000)
  to   space 131072K, 0% used [0x00000007b8000000,0x00000007b8000000,0x00000007c0000000)
 ParOldGen       total 337920K, used 218068K [0x0000000760000000, 0x0000000774a00000, 0x00000007a0000000)
  object space 337920K, 64% used [0x0000000760000000,0x000000076d4f52f8,0x0000000774a00000)
 Metaspace       used 98258K, capacity 102218K, committed 102360K, reserved 1138688K
  class space    used 12234K, capacity 13025K, committed 13056K, reserved 1048576K
Event: 9560.841 GC heap after
Heap after GC invocations=43 (full 7):
 PSYoungGen      total 342016K, used 97851K [0x00000007a0000000, 0x00000007c0000000, 0x00000007c0000000)
  eden space 210944K, 0% used [0x00000007a0000000,0x00000007a0000000,0x00000007ace00000)
  from space 131072K, 74% used [0x00000007b8000000,0x00000007bdf8ef40,0x00000007c0000000)
  to   space 156672K, 0% used [0x00000007ace00000,0x00000007ace00000,0x00000007b6700000)
 ParOldGen       total 337920K, used 267419K [0x0000000760000000, 0x0000000774a00000, 0x00000007a0000000)
  object space 337920K, 79% used [0x0000000760000000,0x0000000770526c78,0x0000000774a00000)
 Metaspace       used 98258K, capacity 102218K, committed 102360K, reserved 1138688K
  class space    used 12234K, capacity 13025K, committed 13056K, reserved 1048576K
}
Event: 9561.666 GC heap before
{Heap before GC invocations=44 (full 7):
 PSYoungGen      total 342016K, used 308795K [0x00000007a0000000, 0x00000007c0000000, 0x00000007c0000000)
  eden space 210944K, 100% used [0x00000007a0000000,0x00000007ace00000,0x00000007ace00000)
  from space 131072K, 74% used [0x00000007b8000000,0x00000007bdf8ef40,0x00000007c0000000)
  to   space 156672K, 0% used [0x00000007ace00000,0x00000007ace00000,0x00000007b6700000)
 ParOldGen       total 337920K, used 267419K [0x0000000760000000, 0x0000000774a00000, 0x00000007a0000000)
  object space 337920K, 79% used [0x0000000760000000,0x0000000770526c78,0x0000000774a00000)
 Metaspace       used 98288K, capacity 102228K, committed 102360K, reserved 1138688K
  class space    used 12236K, capacity 13026K, committed 13056K, reserved 1048576K
Event: 9561.905 GC heap after
Heap after GC invocations=44 (full 7):
 PSYoungGen      total 323584K, used 112331K [0x00000007a0000000, 0x00000007c0000000, 0x00000007c0000000)
  eden space 210944K, 0% used [0x00000007a0000000,0x00000007a0000000,0x00000007ace00000)
  from space 112640K, 99% used [0x00000007ace00000,0x00000007b3bb2df0,0x00000007b3c00000)
  to   space 164864K, 0% used [0x00000007b5f00000,0x00000007b5f00000,0x00000007c0000000)
 ParOldGen       total 337920K, used 278229K [0x0000000760000000, 0x0000000774a00000, 0x00000007a0000000)
  object space 337920K, 82% used [0x0000000760000000,0x0000000770fb5458,0x0000000774a00000)
 Metaspace       used 98288K, capacity 102228K, committed 102360K, reserved 1138688K
  class space    used 12236K, capacity 13026K, committed 13056K, reserved 1048576K
}
Event: 9563.115 GC heap before
{Heap before GC invocations=45 (full 7):
 PSYoungGen      total 323584K, used 323275K [0x00000007a0000000, 0x00000007c0000000, 0x00000007c0000000)
  eden space 210944K, 100% used [0x00000007a0000000,0x00000007ace00000,0x00000007ace00000)
  from space 112640K, 99% used [0x00000007ace00000,0x00000007b3bb2df0,0x00000007b3c00000)
  to   space 164864K, 0% used [0x00000007b5f00000,0x00000007b5f00000,0x00000007c0000000)
 ParOldGen       total 337920K, used 278229K [0x0000000760000000, 0x0000000774a00000, 0x00000007a0000000)
  object space 337920K, 82% used [0x0000000760000000,0x0000000770fb5458,0x0000000774a00000)
 Metaspace       used 98402K, capacity 102362K, committed 102616K, reserved 1138688K
  class space    used 12253K, capacity 13041K, committed 13056K, reserved 1048576K
Event: 9563.408 GC heap after
Heap after GC invocations=45 (full 7):
 PSYoungGen      total 339968K, used 132923K [0x00000007a0000000, 0x00000007c0000000, 0x00000007c0000000)
  eden space 175104K, 0% used [0x00000007a0000000,0x00000007a0000000,0x00000007aab00000)
  from space 164864K, 80% used [0x00000007b5f00000,0x00000007be0cee50,0x00000007c0000000)
  to   space 174592K, 0% used [0x00000007aab00000,0x00000007aab00000,0x00000007b5580000)
 ParOldGen       total 337920K, used 292507K [0x0000000760000000, 0x0000000774a00000, 0x00000007a0000000)
  object space 337920K, 86% used [0x0000000760000000,0x0000000771da6fe8,0x0000000774a00000)
 Metaspace       used 98402K, capacity 102362K, committed 102616K, reserved 1138688K
  class space    used 12253K, capacity 13041K, committed 13056K, reserved 1048576K
}
Event: 9563.411 GC heap before
{Heap before GC invocations=46 (full 8):
 PSYoungGen      total 339968K, used 132923K [0x00000007a0000000, 0x00000007c0000000, 0x00000007c0000000)
  eden space 175104K, 0% used [0x00000007a0000000,0x00000007a0000000,0x00000007aab00000)
  from space 164864K, 80% used [0x00000007b5f00000,0x00000007be0cee50,0x00000007c0000000)
  to   space 174592K, 0% used [0x00000007aab00000,0x00000007aab00000,0x00000007b5580000)
 ParOldGen       total 337920K, used 292507K [0x0000000760000000, 0x0000000774a00000, 0x00000007a0000000)
  object space 337920K, 86% used [0x0000000760000000,0x0000000771da6fe8,0x0000000774a00000)
 Metaspace       used 98402K, capacity 102362K, committed 102616K, reserved 1138688K
  class space    used 12253K, capacity 13041K, committed 13056K, reserved 1048576K

